# JRE version: OpenJDK Runtime Environment (8.0_152-b01) (build 1.8.0_152-release-915-b01)
# Java VM: OpenJDK 64-Bit Server VM (25.152-b01 mixed mode linux-amd64 compressed oops)
Heap:
 PSYoungGen      total 386560K, used 0K [0x00000000e0000000, 0x0000000100000000, 0x0000000100000000)
  eden space 335872K, 0% used [0x00000000e0000000,0x00000000e0000000,0x00000000f4800000)
  from space 50688K, 0% used [0x00000000fce80000,0x00000000fce80000,0x0000000100000000)
  to   space 94208K, 0% used [0x00000000f4800000,0x00000000f4800000,0x00000000fa400000)
 ParOldGen       total 236544K, used 157585K [0x00000000a0000000, 0x00000000ae700000, 0x00000000e0000000)
  object space 236544K, 66% used [0x00000000a0000000,0x00000000a99e4650,0x00000000ae700000)
 Metaspace       used 85707K, capacity 89674K, committed 94296K, reserved 1130496K
  class space    used 10670K, capacity 11547K, committed 12672K, reserved 1048576K
GC Heap History (10 events):
Event: 394.304 GC heap after
Heap after GC invocations=22 (full 4):
 PSYoungGen      total 467456K, used 36293K [0x00000000e0000000, 0x00000000fff80000, 0x0000000100000000)
  eden space 418304K, 0% used [0x00000000e0000000,0x00000000e0000000,0x00000000f9880000)
  from space 49152K, 73% used [0x00000000fcb80000,0x00000000feef1788,0x00000000ffb80000)
  to   space 52224K, 0% used [0x00000000f9880000,0x00000000f9880000,0x00000000fcb80000)
 ParOldGen       total 236544K, used 102347K [0x00000000a0000000, 0x00000000ae700000, 0x00000000e0000000)
  object space 236544K, 43% used [0x00000000a0000000,0x00000000a63f2c68,0x00000000ae700000)
 Metaspace       used 85877K, capacity 90898K, committed 91096K, reserved 1128448K
  class space    used 11040K, capacity 12237K, committed 12288K, reserved 1048576K
}
Event: 3124.922 GC heap before
{Heap before GC invocations=23 (full 4):
 PSYoungGen      total 467456K, used 454597K [0x00000000e0000000, 0x00000000fff80000, 0x0000000100000000)
  eden space 418304K, 100% used [0x00000000e0000000,0x00000000f9880000,0x00000000f9880000)
  from space 49152K, 73% used [0x00000000fcb80000,0x00000000feef1788,0x00000000ffb80000)
  to   space 52224K, 0% used [0x00000000f9880000,0x00000000f9880000,0x00000000fcb80000)
 ParOldGen       total 236544K, used 102347K [0x00000000a0000000, 0x00000000ae700000, 0x00000000e0000000)
  object space 236544K, 43% used [0x00000000a0000000,0x00000000a63f2c68,0x00000000ae700000)
 Metaspace       used 86767K, capacity 92114K, committed 92376K, reserved 1128448K
  class space    used 11140K, capacity 12435K, committed 12544K, reserved 1048576K
Event: 3124.944 GC heap after
Heap after GC invocations=23 (full 4):
 PSYoungGen      total 424448K, used 22158K [0x00000000e0000000, 0x00000000fe880000, 0x0000000100000000)
  eden space 401920K, 0% used [0x00000000e0000000,0x00000000e0000000,0x00000000f8880000)
  from space 22528K, 98% used [0x00000000f9880000,0x00000000fae23af8,0x00000000fae80000)
  to   space 49152K, 0% used [0x00000000fb880000,0x00000000fb880000,0x00000000fe880000)
 ParOldGen       total 236544K, used 102355K [0x00000000a0000000, 0x00000000ae700000, 0x00000000e0000000)
  object space 236544K, 43% used [0x00000000a0000000,0x00000000a63f4c68,0x00000000ae700000)
 Metaspace       used 86767K, capacity 92114K, committed 92376K, reserved 1128448K
  class space    used 11140K, capacity 12435K, committed 12544K, reserved 1048576K
}
Event: 3127.406 GC heap before
{Heap before GC invocations=24 (full 4):
 PSYoungGen      total 424448K, used 424078K [0x00000000e0000000, 0x00000000fe880000, 0x0000000100000000)
  eden space 401920K, 100% used [0x00000000e0000000,0x00000000f8880000,0x00000000f8880000)
  from space 22528K, 98% used [0x00000000f9880000,0x00000000fae23af8,0x00000000fae80000)
  to   space 49152K, 0% used [0x00000000fb880000,0x00000000fb880000,0x00000000fe880000)
 ParOldGen       total 236544K, used 102355K [0x00000000a0000000, 0x00000000ae700000, 0x00000000e0000000)
  object space 236544K, 43% used [0x00000000a0000000,0x00000000a63f4c68,0x00000000ae700000)
 Metaspace       used 88232K, capacity 93696K, committed 94040K, reserved 1130496K
  class space    used 11249K, capacity 12549K, committed 12672K, reserved 1048576K
Event: 3127.444 GC heap after
Heap after GC invocations=24 (full 4):
 PSYoungGen      total 449024K, used 34308K [0x00000000e0000000, 0x0000000100000000, 0x0000000100000000)
  eden space 399872K, 0% used [0x00000000e0000000,0x00000000e0000000,0x00000000f8680000)
  from space 49152K, 69% used [0x00000000fb880000,0x00000000fda01338,0x00000000fe880000)
  to   space 51200K, 0% used [0x00000000f8680000,0x00000000f8680000,0x00000000fb880000)
 ParOldGen       total 236544K, used 102363K [0x00000000a0000000, 0x00000000ae700000, 0x00000000e0000000)
  object space 236544K, 43% used [0x00000000a0000000,0x00000000a63f6c68,0x00000000ae700000)
 Metaspace       used 88232K, capacity 93696K, committed 94040K, reserved 1130496K
  class space    used 11249K, capacity 12549K, committed 12672K, reserved 1048576K
}
Event: 3129.353 GC heap before
{Heap before GC invocations=25 (full 4):
 PSYoungGen      total 449024K, used 434180K [0x00000000e0000000, 0x0000000100000000, 0x0000000100000000)
  eden space 399872K, 100% used [0x00000000e0000000,0x00000000f8680000,0x00000000f8680000)
  from space 49152K, 69% used [0x00000000fb880000,0x00000000fda01338,0x00000000fe880000)
  to   space 51200K, 0% used [0x00000000f8680000,0x00000000f8680000,0x00000000fb880000)
 ParOldGen       total 236544K, used 102363K [0x00000000a0000000, 0x00000000ae700000, 0x00000000e0000000)
  object space 236544K, 43% used [0x00000000a0000000,0x00000000a63f6c68,0x00000000ae700000)
 Metaspace       used 88414K, capacity 93894K, committed 94040K, reserved 1130496K
  class space    used 11255K, capacity 12550K, committed 12672K, reserved 1048576K
Event: 3129.396 GC heap after
Heap after GC invocations=25 (full 4):
 PSYoungGen      total 451072K, used 28858K [0x00000000e0000000, 0x0000000100000000, 0x0000000100000000)
  eden space 399872K, 0% used [0x00000000e0000000,0x00000000e0000000,0x00000000f8680000)
  from space 51200K, 56% used [0x00000000f8680000,0x00000000fa2ae818,0x00000000fb880000)
  to   space 50688K, 0% used [0x00000000fce80000,0x00000000fce80000,0x0000000100000000)
 ParOldGen       total 236544K, used 102371K [0x00000000a0000000, 0x00000000ae700000, 0x00000000e0000000)
  object space 236544K, 43% used [0x00000000a0000000,0x00000000a63f8c68,0x00000000ae700000)
 Metaspace       used 88414K, capacity 93894K, committed 94040K, reserved 1130496K
  class space    used 11255K, capacity 12550K, committed 12672K, reserved 1048576K
}
Event: 3130.399 GC heap before
{Heap before GC invocations=26 (full 4):
 PSYoungGen      total 451072K, used 428730K [0x00000000e0000000, 0x0000000100000000, 0x0000000100000000)
  eden space 399872K, 100% used [0x00000000e0000000,0x00000000f8680000,0x00000000f8680000)
  from space 51200K, 56% used [0x00000000f8680000,0x00000000fa2ae818,0x00000000fb880000)
  to   space 50688K, 0% used [0x00000000fce80000,0x00000000fce80000,0x0000000100000000)
 ParOldGen       total 236544K, used 102371K [0x00000000a0000000, 0x00000000ae700000, 0x00000000e0000000)
  object space 236544K, 43% used [0x00000000a0000000,0x00000000a63f8c68,0x00000000ae700000)
 Metaspace       used 88464K, capacity 93972K, committed 94296K, reserved 1130496K
  class space    used 11259K, capacity 12553K, committed 12672K, reserved 1048576K
Event: 3130.539 GC heap after
Heap after GC invocations=26 (full 4):
 PSYoungGen      total 386560K, used 50676K [0x00000000e0000000, 0x0000000100000000, 0x0000000100000000)
  eden space 335872K, 0% used [0x00000000e0000000,0x00000000e0000000,0x00000000f4800000)
  from space 50688K, 99% used [0x00000000fce80000,0x00000000ffffd228,0x0000000100000000)
  to   space 94208K, 0% used [0x00000000f4800000,0x00000000f4800000,0x00000000fa400000)
 ParOldGen       total 236544K, used 199985K [0x00000000a0000000, 0x00000000ae700000, 0x00000000e0000000)
  object space 236544K, 84% used [0x00000000a0000000,0x00000000ac34c728,0x00000000ae700000)
 Metaspace       used 88464K, capacity 93972K, committed 94296K, reserved 1130496K
  class space    used 11259K, capacity 12553K, committed 12672K, reserved 1048576K
}
Event: 3130.540 GC heap before
{Heap before GC invocations=27 (full 5):
 PSYoungGen      total 386560K, used 50676K [0x00000000e0000000, 0x0000000100000000, 0x0000000100000000)
  eden space 335872K, 0% used [0x00000000e0000000,0x00000000e0000000,0x00000000f4800000)
  from space 50688K, 99% used [0x00000000fce80000,0x00000000ffffd228,0x0000000100000000)
  to   space 94208K, 0% used [0x00000000f4800000,0x00000000f4800000,0x00000000fa400000)
 ParOldGen       total 236544K, used 199985K [0x00000000a0000000, 0x00000000ae700000, 0x00000000e0000000)
  object space 236544K, 84% used [0x00000000a0000000,0x00000000ac34c728,0x00000000ae700000)
 Metaspace       used 88464K, capacity 93972K, committed 94296K, reserved 1130496K
  class space    used 11259K, capacity 12553K, committed 12672K, reserved 1048576K

